<?xml version="1.0" encoding="UTF-8"?>
<testng-results ignored="0" total="1" passed="1" failed="0" skipped="0">
  <reporter-output>
  </reporter-output>
  <suite started-at="2025-04-24T11:31:12 IST" name="Default suite" finished-at="2025-04-24T11:31:19 IST" duration-ms="7422">
    <groups>
    </groups>
    <test started-at="2025-04-24T11:31:12 IST" name="Default test" finished-at="2025-04-24T11:31:19 IST" duration-ms="7422">
      <class name="com.learnFw.testcases.LoginTestCRM">
        <test-method is-config="true" signature="setUpSuite()[pri:0, instance:com.learnFw.testcases.LoginTestCRM@4c39bec8]" started-at="2025-04-24T11:31:10 IST" name="setUpSuite" finished-at="2025-04-24T11:31:12 IST" duration-ms="1182" status="PASS">
          <reporter-output>
          </reporter-output>
        </test-method> <!-- setUpSuite -->
        <test-method is-config="true" signature="setup()[pri:0, instance:com.learnFw.testcases.LoginTestCRM@4c39bec8]" started-at="2025-04-24T11:31:12 IST" name="setup" finished-at="2025-04-24T11:31:16 IST" duration-ms="4187" status="PASS">
          <reporter-output>
          </reporter-output>
        </test-method> <!-- setup -->
        <test-method signature="Login()[pri:0, instance:com.learnFw.testcases.LoginTestCRM@4c39bec8]" started-at="2025-04-24T11:31:16 IST" name="Login" finished-at="2025-04-24T11:31:17 IST" duration-ms="926" status="PASS">
          <reporter-output>
          </reporter-output>
        </test-method> <!-- Login -->
        <test-method is-config="true" signature="tearDownMethod(org.testng.ITestResult)[pri:0, instance:com.learnFw.testcases.LoginTestCRM@4c39bec8]" started-at="2025-04-24T11:31:17 IST" name="tearDownMethod" finished-at="2025-04-24T11:31:18 IST" duration-ms="949" status="PASS">
          <params>
            <param index="0">
              <value>
                <![CDATA[[TestResult name=Login status=SUCCESS method=LoginTestCRM.Login()[pri:0, instance:com.learnFw.testcases.LoginTestCRM@4c39bec8] output={null}]]]>
              </value>
            </param>
          </params>
          <reporter-output>
          </reporter-output>
        </test-method> <!-- tearDownMethod -->
        <test-method is-config="true" signature="tear()[pri:0, instance:com.learnFw.testcases.LoginTestCRM@4c39bec8]" started-at="2025-04-24T11:31:18 IST" name="tear" finished-at="2025-04-24T11:31:19 IST" duration-ms="1312" status="PASS">
          <reporter-output>
          </reporter-output>
        </test-method> <!-- tear -->
      </class> <!-- com.learnFw.testcases.LoginTestCRM -->
    </test> <!-- Default test -->
  </suite> <!-- Default suite -->
</testng-results>
